0 info it worked if it ends with ok
1 verbose cli [ 'E:\\软件下载\\svn\\node.exe',
1 verbose cli   'E:\\软件下载\\svn\\node_modules\\npm\\bin\\npm-cli.js',
1 verbose cli   'run',
1 verbose cli   'GESSATO' ]
2 info using npm@2.15.1
3 info using node@v4.4.3
4 verbose stack Error: missing script: GESSATO
4 verbose stack     at run (E:\软件下载\svn\node_modules\npm\lib\run-script.js:142:19)
4 verbose stack     at E:\软件下载\svn\node_modules\npm\lib\run-script.js:58:5
4 verbose stack     at E:\软件下载\svn\node_modules\npm\node_modules\read-package-json\read-json.js:345:5
4 verbose stack     at checkBinReferences_ (E:\软件下载\svn\node_modules\npm\node_modules\read-package-json\read-json.js:309:45)
4 verbose stack     at final (E:\软件下载\svn\node_modules\npm\node_modules\read-package-json\read-json.js:343:3)
4 verbose stack     at then (E:\软件下载\svn\node_modules\npm\node_modules\read-package-json\read-json.js:113:5)
4 verbose stack     at ReadFileContext.<anonymous> (E:\软件下载\svn\node_modules\npm\node_modules\read-package-json\read-json.js:284:20)
4 verbose stack     at ReadFileContext.callback (E:\软件下载\svn\node_modules\npm\node_modules\graceful-fs\graceful-fs.js:78:16)
4 verbose stack     at FSReqWrap.readFileAfterOpen [as oncomplete] (fs.js:303:13)
5 verbose cwd C:\Users\Administrator\Desktop\五组项目很无敌\GESSATO
6 error Windows_NT 10.0.14393
7 error argv "E:\\软件下载\\svn\\node.exe" "E:\\软件下载\\svn\\node_modules\\npm\\bin\\npm-cli.js" "run" "GESSATO"
8 error node v4.4.3
9 error npm  v2.15.1
10 error missing script: GESSATO
11 error If you need help, you may report this error at:
11 error     <https://github.com/npm/npm/issues>
12 verbose exit [ 1, true ]
